2023/04/15 21:30:09 [error] [exception.CHttpException.404] CHttpException: No es posible resolver la solicitud "pics/personal/98614.png" in /opt/lampp/htdocs/yii/framework/web/CWebApplication.php:286
Stack trace:
#0 /opt/lampp/htdocs/yii/framework/web/CWebApplication.php(141): CWebApplication->runController('pics/personal/9...')
#1 /opt/lampp/htdocs/yii/framework/base/CApplication.php(180): CWebApplication->processRequest()
#2 /opt/lampp/htdocs/intranetvll4/index.php(14): CApplication->run()
#3 {main}
REQUEST_URI=/intranetvll4/pics/personal/98614.png
HTTP_REFERER=http://localhost/intranetvll4/admin/personal/admin
---
2023/04/15 21:30:09 [error] [exception.CHttpException.404] CHttpException: No es posible resolver la solicitud "pics/personal/73253.png" in /opt/lampp/htdocs/yii/framework/web/CWebApplication.php:286
Stack trace:
#0 /opt/lampp/htdocs/yii/framework/web/CWebApplication.php(141): CWebApplication->runController('pics/personal/7...')
#1 /opt/lampp/htdocs/yii/framework/base/CApplication.php(180): CWebApplication->processRequest()
#2 /opt/lampp/htdocs/intranetvll4/index.php(14): CApplication->run()
#3 {main}
REQUEST_URI=/intranetvll4/pics/personal/73253.png
HTTP_REFERER=http://localhost/intranetvll4/admin/personal/admin
---
2023/04/15 21:30:09 [error] [exception.CHttpException.404] CHttpException: No es posible resolver la solicitud "pics/personal/95509.jpg" in /opt/lampp/htdocs/yii/framework/web/CWebApplication.php:286
Stack trace:
#0 /opt/lampp/htdocs/yii/framework/web/CWebApplication.php(141): CWebApplication->runController('pics/personal/9...')
#1 /opt/lampp/htdocs/yii/framework/base/CApplication.php(180): CWebApplication->processRequest()
#2 /opt/lampp/htdocs/intranetvll4/index.php(14): CApplication->run()
#3 {main}
REQUEST_URI=/intranetvll4/pics/personal/95509.jpg
HTTP_REFERER=http://localhost/intranetvll4/admin/personal/admin
---
2023/04/15 21:30:09 [error] [exception.CHttpException.404] CHttpException: No es posible resolver la solicitud "pics/personal/34987.png" in /opt/lampp/htdocs/yii/framework/web/CWebApplication.php:286
Stack trace:
#0 /opt/lampp/htdocs/yii/framework/web/CWebApplication.php(141): CWebApplication->runController('pics/personal/3...')
#1 /opt/lampp/htdocs/yii/framework/base/CApplication.php(180): CWebApplication->processRequest()
#2 /opt/lampp/htdocs/intranetvll4/index.php(14): CApplication->run()
#3 {main}
REQUEST_URI=/intranetvll4/pics/personal/34987.png
HTTP_REFERER=http://localhost/intranetvll4/admin/personal/admin
---
2023/04/15 21:30:09 [error] [exception.CHttpException.404] CHttpException: No es posible resolver la solicitud "pics/personal/83504.png" in /opt/lampp/htdocs/yii/framework/web/CWebApplication.php:286
Stack trace:
#0 /opt/lampp/htdocs/yii/framework/web/CWebApplication.php(141): CWebApplication->runController('pics/personal/8...')
#1 /opt/lampp/htdocs/yii/framework/base/CApplication.php(180): CWebApplication->processRequest()
#2 /opt/lampp/htdocs/intranetvll4/index.php(14): CApplication->run()
#3 {main}
REQUEST_URI=/intranetvll4/pics/personal/83504.png
HTTP_REFERER=http://localhost/intranetvll4/admin/personal/admin
---
2023/04/15 21:30:09 [error] [exception.CHttpException.404] CHttpException: No es posible resolver la solicitud "pics/personal/83964.png" in /opt/lampp/htdocs/yii/framework/web/CWebApplication.php:286
Stack trace:
#0 /opt/lampp/htdocs/yii/framework/web/CWebApplication.php(141): CWebApplication->runController('pics/personal/8...')
#1 /opt/lampp/htdocs/yii/framework/base/CApplication.php(180): CWebApplication->processRequest()
#2 /opt/lampp/htdocs/intranetvll4/index.php(14): CApplication->run()
#3 {main}
REQUEST_URI=/intranetvll4/pics/personal/83964.png
HTTP_REFERER=http://localhost/intranetvll4/admin/personal/admin
---
2023/04/15 21:30:09 [error] [exception.CHttpException.404] CHttpException: No es posible resolver la solicitud "pics/personal/91209.png" in /opt/lampp/htdocs/yii/framework/web/CWebApplication.php:286
Stack trace:
#0 /opt/lampp/htdocs/yii/framework/web/CWebApplication.php(141): CWebApplication->runController('pics/personal/9...')
#1 /opt/lampp/htdocs/yii/framework/base/CApplication.php(180): CWebApplication->processRequest()
#2 /opt/lampp/htdocs/intranetvll4/index.php(14): CApplication->run()
#3 {main}
REQUEST_URI=/intranetvll4/pics/personal/91209.png
HTTP_REFERER=http://localhost/intranetvll4/admin/personal/admin
---
2023/04/15 21:30:09 [error] [exception.CHttpException.404] CHttpException: No es posible resolver la solicitud "pics/personal/64030.png" in /opt/lampp/htdocs/yii/framework/web/CWebApplication.php:286
Stack trace:
#0 /opt/lampp/htdocs/yii/framework/web/CWebApplication.php(141): CWebApplication->runController('pics/personal/6...')
#1 /opt/lampp/htdocs/yii/framework/base/CApplication.php(180): CWebApplication->processRequest()
#2 /opt/lampp/htdocs/intranetvll4/index.php(14): CApplication->run()
#3 {main}
REQUEST_URI=/intranetvll4/pics/personal/64030.png
HTTP_REFERER=http://localhost/intranetvll4/admin/personal/admin
---
2023/04/15 21:30:09 [error] [exception.CHttpException.404] CHttpException: No es posible resolver la solicitud "pics/personal/12593.png" in /opt/lampp/htdocs/yii/framework/web/CWebApplication.php:286
Stack trace:
#0 /opt/lampp/htdocs/yii/framework/web/CWebApplication.php(141): CWebApplication->runController('pics/personal/1...')
#1 /opt/lampp/htdocs/yii/framework/base/CApplication.php(180): CWebApplication->processRequest()
#2 /opt/lampp/htdocs/intranetvll4/index.php(14): CApplication->run()
#3 {main}
REQUEST_URI=/intranetvll4/pics/personal/12593.png
HTTP_REFERER=http://localhost/intranetvll4/admin/personal/admin
---
2023/04/15 21:30:09 [error] [exception.CHttpException.404] CHttpException: No es posible resolver la solicitud "pics/personal/20752.png" in /opt/lampp/htdocs/yii/framework/web/CWebApplication.php:286
Stack trace:
#0 /opt/lampp/htdocs/yii/framework/web/CWebApplication.php(141): CWebApplication->runController('pics/personal/2...')
#1 /opt/lampp/htdocs/yii/framework/base/CApplication.php(180): CWebApplication->processRequest()
#2 /opt/lampp/htdocs/intranetvll4/index.php(14): CApplication->run()
#3 {main}
REQUEST_URI=/intranetvll4/pics/personal/20752.png
HTTP_REFERER=http://localhost/intranetvll4/admin/personal/admin
---
2023/04/15 21:30:09 [error] [exception.CHttpException.404] CHttpException: No es posible resolver la solicitud "pics/personal/35345.png" in /opt/lampp/htdocs/yii/framework/web/CWebApplication.php:286
Stack trace:
#0 /opt/lampp/htdocs/yii/framework/web/CWebApplication.php(141): CWebApplication->runController('pics/personal/3...')
#1 /opt/lampp/htdocs/yii/framework/base/CApplication.php(180): CWebApplication->processRequest()
#2 /opt/lampp/htdocs/intranetvll4/index.php(14): CApplication->run()
#3 {main}
REQUEST_URI=/intranetvll4/pics/personal/35345.png
HTTP_REFERER=http://localhost/intranetvll4/admin/personal/admin
---
2023/04/15 21:30:09 [error] [exception.CHttpException.404] CHttpException: No es posible resolver la solicitud "pics/personal/91486.png" in /opt/lampp/htdocs/yii/framework/web/CWebApplication.php:286
Stack trace:
#0 /opt/lampp/htdocs/yii/framework/web/CWebApplication.php(141): CWebApplication->runController('pics/personal/9...')
#1 /opt/lampp/htdocs/yii/framework/base/CApplication.php(180): CWebApplication->processRequest()
#2 /opt/lampp/htdocs/intranetvll4/index.php(14): CApplication->run()
#3 {main}
REQUEST_URI=/intranetvll4/pics/personal/91486.png
HTTP_REFERER=http://localhost/intranetvll4/admin/personal/admin
---
2023/04/15 21:30:09 [error] [exception.CHttpException.404] CHttpException: No es posible resolver la solicitud "pics/personal/60510.png" in /opt/lampp/htdocs/yii/framework/web/CWebApplication.php:286
Stack trace:
#0 /opt/lampp/htdocs/yii/framework/web/CWebApplication.php(141): CWebApplication->runController('pics/personal/6...')
#1 /opt/lampp/htdocs/yii/framework/base/CApplication.php(180): CWebApplication->processRequest()
#2 /opt/lampp/htdocs/intranetvll4/index.php(14): CApplication->run()
#3 {main}
REQUEST_URI=/intranetvll4/pics/personal/60510.png
HTTP_REFERER=http://localhost/intranetvll4/admin/personal/admin
---
2023/04/15 21:30:09 [error] [exception.CHttpException.404] CHttpException: No es posible resolver la solicitud "pics/personal/75152.png" in /opt/lampp/htdocs/yii/framework/web/CWebApplication.php:286
Stack trace:
#0 /opt/lampp/htdocs/yii/framework/web/CWebApplication.php(141): CWebApplication->runController('pics/personal/7...')
#1 /opt/lampp/htdocs/yii/framework/base/CApplication.php(180): CWebApplication->processRequest()
#2 /opt/lampp/htdocs/intranetvll4/index.php(14): CApplication->run()
#3 {main}
REQUEST_URI=/intranetvll4/pics/personal/75152.png
HTTP_REFERER=http://localhost/intranetvll4/admin/personal/admin
---
2023/04/15 21:30:09 [error] [exception.CHttpException.404] CHttpException: No es posible resolver la solicitud "pics/personal/37620.png" in /opt/lampp/htdocs/yii/framework/web/CWebApplication.php:286
Stack trace:
#0 /opt/lampp/htdocs/yii/framework/web/CWebApplication.php(141): CWebApplication->runController('pics/personal/3...')
#1 /opt/lampp/htdocs/yii/framework/base/CApplication.php(180): CWebApplication->processRequest()
#2 /opt/lampp/htdocs/intranetvll4/index.php(14): CApplication->run()
#3 {main}
REQUEST_URI=/intranetvll4/pics/personal/37620.png
HTTP_REFERER=http://localhost/intranetvll4/admin/personal/admin
---
2023/04/15 21:30:09 [error] [exception.CHttpException.404] CHttpException: No es posible resolver la solicitud "pics/personal/15627.png" in /opt/lampp/htdocs/yii/framework/web/CWebApplication.php:286
Stack trace:
#0 /opt/lampp/htdocs/yii/framework/web/CWebApplication.php(141): CWebApplication->runController('pics/personal/1...')
#1 /opt/lampp/htdocs/yii/framework/base/CApplication.php(180): CWebApplication->processRequest()
#2 /opt/lampp/htdocs/intranetvll4/index.php(14): CApplication->run()
#3 {main}
REQUEST_URI=/intranetvll4/pics/personal/15627.png
HTTP_REFERER=http://localhost/intranetvll4/admin/personal/admin
---
2023/04/15 21:30:09 [error] [exception.CHttpException.404] CHttpException: No es posible resolver la solicitud "pics/personal/88186.png" in /opt/lampp/htdocs/yii/framework/web/CWebApplication.php:286
Stack trace:
#0 /opt/lampp/htdocs/yii/framework/web/CWebApplication.php(141): CWebApplication->runController('pics/personal/8...')
#1 /opt/lampp/htdocs/yii/framework/base/CApplication.php(180): CWebApplication->processRequest()
#2 /opt/lampp/htdocs/intranetvll4/index.php(14): CApplication->run()
#3 {main}
REQUEST_URI=/intranetvll4/pics/personal/88186.png
HTTP_REFERER=http://localhost/intranetvll4/admin/personal/admin
---
2023/04/15 21:30:09 [error] [exception.CHttpException.404] CHttpException: No es posible resolver la solicitud "pics/personal/47600.png" in /opt/lampp/htdocs/yii/framework/web/CWebApplication.php:286
Stack trace:
#0 /opt/lampp/htdocs/yii/framework/web/CWebApplication.php(141): CWebApplication->runController('pics/personal/4...')
#1 /opt/lampp/htdocs/yii/framework/base/CApplication.php(180): CWebApplication->processRequest()
#2 /opt/lampp/htdocs/intranetvll4/index.php(14): CApplication->run()
#3 {main}
REQUEST_URI=/intranetvll4/pics/personal/47600.png
HTTP_REFERER=http://localhost/intranetvll4/admin/personal/admin
---
2023/04/15 21:30:09 [error] [exception.CHttpException.404] CHttpException: No es posible resolver la solicitud "pics/personal/38646.png" in /opt/lampp/htdocs/yii/framework/web/CWebApplication.php:286
Stack trace:
#0 /opt/lampp/htdocs/yii/framework/web/CWebApplication.php(141): CWebApplication->runController('pics/personal/3...')
#1 /opt/lampp/htdocs/yii/framework/base/CApplication.php(180): CWebApplication->processRequest()
#2 /opt/lampp/htdocs/intranetvll4/index.php(14): CApplication->run()
#3 {main}
REQUEST_URI=/intranetvll4/pics/personal/38646.png
HTTP_REFERER=http://localhost/intranetvll4/admin/personal/admin
---
2023/04/15 21:30:09 [error] [exception.CHttpException.404] CHttpException: No es posible resolver la solicitud "pics/personal/12053.png" in /opt/lampp/htdocs/yii/framework/web/CWebApplication.php:286
Stack trace:
#0 /opt/lampp/htdocs/yii/framework/web/CWebApplication.php(141): CWebApplication->runController('pics/personal/1...')
#1 /opt/lampp/htdocs/yii/framework/base/CApplication.php(180): CWebApplication->processRequest()
#2 /opt/lampp/htdocs/intranetvll4/index.php(14): CApplication->run()
#3 {main}
REQUEST_URI=/intranetvll4/pics/personal/12053.png
HTTP_REFERER=http://localhost/intranetvll4/admin/personal/admin
---
2023/04/15 21:30:09 [error] [exception.CHttpException.404] CHttpException: No es posible resolver la solicitud "pics/personal/31126.png" in /opt/lampp/htdocs/yii/framework/web/CWebApplication.php:286
Stack trace:
#0 /opt/lampp/htdocs/yii/framework/web/CWebApplication.php(141): CWebApplication->runController('pics/personal/3...')
#1 /opt/lampp/htdocs/yii/framework/base/CApplication.php(180): CWebApplication->processRequest()
#2 /opt/lampp/htdocs/intranetvll4/index.php(14): CApplication->run()
#3 {main}
REQUEST_URI=/intranetvll4/pics/personal/31126.png
HTTP_REFERER=http://localhost/intranetvll4/admin/personal/admin
---
2023/04/15 21:30:09 [error] [exception.CHttpException.404] CHttpException: No es posible resolver la solicitud "pics/personal/68930.png" in /opt/lampp/htdocs/yii/framework/web/CWebApplication.php:286
Stack trace:
#0 /opt/lampp/htdocs/yii/framework/web/CWebApplication.php(141): CWebApplication->runController('pics/personal/6...')
#1 /opt/lampp/htdocs/yii/framework/base/CApplication.php(180): CWebApplication->processRequest()
#2 /opt/lampp/htdocs/intranetvll4/index.php(14): CApplication->run()
#3 {main}
REQUEST_URI=/intranetvll4/pics/personal/68930.png
HTTP_REFERER=http://localhost/intranetvll4/admin/personal/admin
---
2023/04/15 21:30:09 [error] [exception.CHttpException.404] CHttpException: No es posible resolver la solicitud "pics/personal/81407.png" in /opt/lampp/htdocs/yii/framework/web/CWebApplication.php:286
Stack trace:
#0 /opt/lampp/htdocs/yii/framework/web/CWebApplication.php(141): CWebApplication->runController('pics/personal/8...')
#1 /opt/lampp/htdocs/yii/framework/base/CApplication.php(180): CWebApplication->processRequest()
#2 /opt/lampp/htdocs/intranetvll4/index.php(14): CApplication->run()
#3 {main}
REQUEST_URI=/intranetvll4/pics/personal/81407.png
HTTP_REFERER=http://localhost/intranetvll4/admin/personal/admin
---
2023/04/15 21:30:09 [error] [exception.CHttpException.404] CHttpException: No es posible resolver la solicitud "pics/personal/63206.png" in /opt/lampp/htdocs/yii/framework/web/CWebApplication.php:286
Stack trace:
#0 /opt/lampp/htdocs/yii/framework/web/CWebApplication.php(141): CWebApplication->runController('pics/personal/6...')
#1 /opt/lampp/htdocs/yii/framework/base/CApplication.php(180): CWebApplication->processRequest()
#2 /opt/lampp/htdocs/intranetvll4/index.php(14): CApplication->run()
#3 {main}
REQUEST_URI=/intranetvll4/pics/personal/63206.png
HTTP_REFERER=http://localhost/intranetvll4/admin/personal/admin
---
2023/04/15 21:30:10 [error] [exception.CHttpException.404] CHttpException: No es posible resolver la solicitud "pics/personal/81919.png" in /opt/lampp/htdocs/yii/framework/web/CWebApplication.php:286
Stack trace:
#0 /opt/lampp/htdocs/yii/framework/web/CWebApplication.php(141): CWebApplication->runController('pics/personal/8...')
#1 /opt/lampp/htdocs/yii/framework/base/CApplication.php(180): CWebApplication->processRequest()
#2 /opt/lampp/htdocs/intranetvll4/index.php(14): CApplication->run()
#3 {main}
REQUEST_URI=/intranetvll4/pics/personal/81919.png
HTTP_REFERER=http://localhost/intranetvll4/admin/personal/admin
---
2023/04/15 21:30:09 [error] [exception.CHttpException.404] CHttpException: No es posible resolver la solicitud "pics/personal/61953.png" in /opt/lampp/htdocs/yii/framework/web/CWebApplication.php:286
Stack trace:
#0 /opt/lampp/htdocs/yii/framework/web/CWebApplication.php(141): CWebApplication->runController('pics/personal/6...')
#1 /opt/lampp/htdocs/yii/framework/base/CApplication.php(180): CWebApplication->processRequest()
#2 /opt/lampp/htdocs/intranetvll4/index.php(14): CApplication->run()
#3 {main}
REQUEST_URI=/intranetvll4/pics/personal/61953.png
HTTP_REFERER=http://localhost/intranetvll4/admin/personal/admin
---
2023/04/15 21:30:10 [error] [exception.CHttpException.404] CHttpException: No es posible resolver la solicitud "pics/personal/35749.png" in /opt/lampp/htdocs/yii/framework/web/CWebApplication.php:286
Stack trace:
#0 /opt/lampp/htdocs/yii/framework/web/CWebApplication.php(141): CWebApplication->runController('pics/personal/3...')
#1 /opt/lampp/htdocs/yii/framework/base/CApplication.php(180): CWebApplication->processRequest()
#2 /opt/lampp/htdocs/intranetvll4/index.php(14): CApplication->run()
#3 {main}
REQUEST_URI=/intranetvll4/pics/personal/35749.png
HTTP_REFERER=http://localhost/intranetvll4/admin/personal/admin
---
2023/04/15 21:30:10 [error] [exception.CHttpException.404] CHttpException: No es posible resolver la solicitud "pics/personal/73182.png" in /opt/lampp/htdocs/yii/framework/web/CWebApplication.php:286
Stack trace:
#0 /opt/lampp/htdocs/yii/framework/web/CWebApplication.php(141): CWebApplication->runController('pics/personal/7...')
#1 /opt/lampp/htdocs/yii/framework/base/CApplication.php(180): CWebApplication->processRequest()
#2 /opt/lampp/htdocs/intranetvll4/index.php(14): CApplication->run()
#3 {main}
REQUEST_URI=/intranetvll4/pics/personal/73182.png
HTTP_REFERER=http://localhost/intranetvll4/admin/personal/admin
---
2023/04/15 21:30:10 [error] [exception.CHttpException.404] CHttpException: No es posible resolver la solicitud "pics/personal/34941.png" in /opt/lampp/htdocs/yii/framework/web/CWebApplication.php:286
Stack trace:
#0 /opt/lampp/htdocs/yii/framework/web/CWebApplication.php(141): CWebApplication->runController('pics/personal/3...')
#1 /opt/lampp/htdocs/yii/framework/base/CApplication.php(180): CWebApplication->processRequest()
#2 /opt/lampp/htdocs/intranetvll4/index.php(14): CApplication->run()
#3 {main}
REQUEST_URI=/intranetvll4/pics/personal/34941.png
HTTP_REFERER=http://localhost/intranetvll4/admin/personal/admin
---
2023/04/15 21:30:10 [error] [exception.CHttpException.404] CHttpException: No es posible resolver la solicitud "pics/personal/34373.png" in /opt/lampp/htdocs/yii/framework/web/CWebApplication.php:286
Stack trace:
#0 /opt/lampp/htdocs/yii/framework/web/CWebApplication.php(141): CWebApplication->runController('pics/personal/3...')
#1 /opt/lampp/htdocs/yii/framework/base/CApplication.php(180): CWebApplication->processRequest()
#2 /opt/lampp/htdocs/intranetvll4/index.php(14): CApplication->run()
#3 {main}
REQUEST_URI=/intranetvll4/pics/personal/34373.png
HTTP_REFERER=http://localhost/intranetvll4/admin/personal/admin
---
2023/04/15 21:30:10 [error] [exception.CHttpException.404] CHttpException: No es posible resolver la solicitud "pics/personal/56081.png" in /opt/lampp/htdocs/yii/framework/web/CWebApplication.php:286
Stack trace:
#0 /opt/lampp/htdocs/yii/framework/web/CWebApplication.php(141): CWebApplication->runController('pics/personal/5...')
#1 /opt/lampp/htdocs/yii/framework/base/CApplication.php(180): CWebApplication->processRequest()
#2 /opt/lampp/htdocs/intranetvll4/index.php(14): CApplication->run()
#3 {main}
REQUEST_URI=/intranetvll4/pics/personal/56081.png
HTTP_REFERER=http://localhost/intranetvll4/admin/personal/admin
---
2023/04/15 21:30:10 [error] [exception.CHttpException.404] CHttpException: No es posible resolver la solicitud "pics/personal/33214.png" in /opt/lampp/htdocs/yii/framework/web/CWebApplication.php:286
Stack trace:
#0 /opt/lampp/htdocs/yii/framework/web/CWebApplication.php(141): CWebApplication->runController('pics/personal/3...')
#1 /opt/lampp/htdocs/yii/framework/base/CApplication.php(180): CWebApplication->processRequest()
#2 /opt/lampp/htdocs/intranetvll4/index.php(14): CApplication->run()
#3 {main}
REQUEST_URI=/intranetvll4/pics/personal/33214.png
HTTP_REFERER=http://localhost/intranetvll4/admin/personal/admin
---
